<?xml version="1.0" encoding="UTF-8" ?>
<testsuite tests="11" failures="8" name="TestSuite" time="19.245" errors="0" skipped="0">
  <properties>
    <property name="java.runtime.name" value="Java(TM) SE Runtime Environment"/>
    <property name="sun.boot.library.path" value="C:\Program Files\Java\jdk1.8.0_291\jre\bin"/>
    <property name="java.vm.version" value="25.291-b10"/>
    <property name="java.vm.vendor" value="Oracle Corporation"/>
    <property name="maven.multiModuleProjectDirectory" value="C:\Users\MIgwe\Documents\MyStuffs\My_Intellj_Projects\Appium_Project"/>
    <property name="java.vendor.url" value="http://java.oracle.com/"/>
    <property name="path.separator" value=";"/>
    <property name="guice.disable.misplaced.annotation.check" value="true"/>
    <property name="java.vm.name" value="Java HotSpot(TM) 64-Bit Server VM"/>
    <property name="file.encoding.pkg" value="sun.io"/>
    <property name="user.script" value=""/>
    <property name="user.country" value="ZA"/>
    <property name="sun.java.launcher" value="SUN_STANDARD"/>
    <property name="sun.os.patch.level" value=""/>
    <property name="java.vm.specification.name" value="Java Virtual Machine Specification"/>
    <property name="user.dir" value="C:\Users\MIgwe\Documents\MyStuffs\My_Intellj_Projects\Appium_Project"/>
    <property name="java.runtime.version" value="1.8.0_291-b10"/>
    <property name="java.awt.graphicsenv" value="sun.awt.Win32GraphicsEnvironment"/>
    <property name="java.endorsed.dirs" value="C:\Program Files\Java\jdk1.8.0_291\jre\lib\endorsed"/>
    <property name="os.arch" value="amd64"/>
    <property name="java.io.tmpdir" value="C:\Users\MIgwe\AppData\Local\Temp\"/>
    <property name="line.separator" value="
"/>
    <property name="java.vm.specification.vendor" value="Oracle Corporation"/>
    <property name="user.variant" value=""/>
    <property name="os.name" value="Windows 10"/>
    <property name="classworlds.conf" value="C:\apache-maven-3.6.3\bin\..\bin\m2.conf"/>
    <property name="sun.jnu.encoding" value="Cp1252"/>
    <property name="java.library.path" value="C:\Program Files\Java\jdk1.8.0_291\bin;C:\windows\Sun\Java\bin;C:\windows\system32;C:\windows;C:\Program Files\Common Files\Oracle\Java\javapath;C:\Program Files (x86)\Common Files\Oracle\Java\javapath;C:\Program Files\Python39\;C:\Program Files\Python39\Scripts\;C:\windows\system32;C:\windows;C:\windows\System32\Wbem;C:\windows\System32\WindowsPowerShell\v1.0\;C:\windows\System32\OpenSSH\;C:\Program Files\Java\jdk1.8.0_291\bin;C:\apache-maven-3.6.3\bin;C:\Program Files\Git\cmd;C:\gradle-7.0-all\gradle-7.0\bin;C:\Users\MIgwe\AppData\Local\Android\sdk\platforms;C:\Users\MIgwe\AppData\Local\Android\sdk\platform-tools;C:\Users\MIgwe\AppData\Local\Android\sdk\tools\bin;C:\Users\MIgwe\AppData\Local\Android\sdk\tools;C:\Program Files\nodejs;C:\Program Files\nodejs\node_modules\npm\bin;C:\Program Files\nodejs\;C:\ProgramData\chocolatey\bin;C:\Program Files\Microsoft SQL Server\Client SDK\ODBC\170\Tools\Binn\;C:\Program Files (x86)\Microsoft SQL Server\150\Tools\Binn\;C:\Program Files\Microsoft SQL Server\150\Tools\Binn\;C:\Program Files\Microsoft SQL Server\150\DTS\Binn\;C:\Program Files (x86)\Microsoft SQL Server\150\DTS\Binn\;C:\Program Files\Azure Data Studio\bin;C:\Program Files\PuTTY\;C:\Program Files\Java\jdk1.8.0_291\bin;C:\Program Files\Java\jdk1.8.0_291\lib;C:\Program Files\dotnet\;C:\Program Files\Microsoft SQL Server\130\Tools\Binn\;;C:\Program Files\Docker\Docker\resources\bin;C:\ProgramData\DockerDesktop\version-bin;C:\Program Files\MySQL\MySQL Shell 8.0\bin\;C:\Users\MIgwe\AppData\Local\Microsoft\WindowsApps;C:\apache-maven-3.6.3\bin;C:\Users\MIgwe\AppData\Local\Programs\Microsoft VS Code\bin;C:\gradle-7.0-all\gradle-7.0\bin;C:\Program Files (x86)\Sophos\Sophos SSL VPN Client\bin;C:\Users\MIgwe\AppData\Local\Android\sdk\platforms;C:\Users\MIgwe\AppData\Local\Android\sdk\platform-tools;C:\Users\MIgwe\AppData\Local\Android\sdk\tools\bin;C:\Users\MIgwe\AppData\Local\Android\sdk\tools;C:\Program Files\nodejs;C:\Program Files\nodejs\node_modules\npm\bin;C:\Users\MIgwe\AppData\Roaming\npm;C:\Program Files\JetBrains\WebStorm 211.6305.8\bin;C:\Program Files\Azure Data Studio\bin;C:\Program Files\JetBrains\PyCharm Community Edition 2020.3.3\bin;C:\Users\MIgwe\AppData\Local\GitHubDesktop\bin;C:\Program Files\Python39\Scripts\;C:\Program Files\Python39\;C:\Users\MIgwe\AppData\Local\gitkraken\bin;C:\allure-2.9.0\bin;C:\Users\MIgwe\AppData\Local\Android\sdk\build-tools;C:\Users\MIgwe\AppData\Local\Android\sdk\build-tools;C:\automati;C:\Program Files\Java\jdk1.8.0_291\bin;C:\Program Files\Java\jdk1.8.0_291\lib;C:\Users\MIgwe\.dotnet\tools;C:\Users\MIgwe\AppData\Local\Programs\Fiddler;;."/>
    <property name="maven.conf" value="C:\apache-maven-3.6.3\bin\../conf"/>
    <property name="java.specification.name" value="Java Platform API Specification"/>
    <property name="java.class.version" value="52.0"/>
    <property name="sun.management.compiler" value="HotSpot 64-Bit Tiered Compilers"/>
    <property name="os.version" value="10.0"/>
    <property name="library.jansi.path" value="C:\apache-maven-3.6.3\bin\..\lib\jansi-native"/>
    <property name="user.home" value="C:\Users\MIgwe"/>
    <property name="user.timezone" value="Africa/Harare"/>
    <property name="java.awt.printerjob" value="sun.awt.windows.WPrinterJob"/>
    <property name="java.specification.version" value="1.8"/>
    <property name="file.encoding" value="Cp1252"/>
    <property name="user.name" value="MIgwe"/>
    <property name="java.class.path" value="C:\apache-maven-3.6.3\bin\..\boot\plexus-classworlds-2.6.0.jar"/>
    <property name="java.vm.specification.version" value="1.8"/>
    <property name="sun.arch.data.model" value="64"/>
    <property name="java.home" value="C:\Program Files\Java\jdk1.8.0_291\jre"/>
    <property name="sun.java.command" value="org.codehaus.plexus.classworlds.launcher.Launcher install"/>
    <property name="java.specification.vendor" value="Oracle Corporation"/>
    <property name="user.language" value="en"/>
    <property name="awt.toolkit" value="sun.awt.windows.WToolkit"/>
    <property name="java.vm.info" value="mixed mode"/>
    <property name="java.version" value="1.8.0_291"/>
    <property name="java.ext.dirs" value="C:\Program Files\Java\jdk1.8.0_291\jre\lib\ext;C:\windows\Sun\Java\lib\ext"/>
    <property name="sun.boot.class.path" value="C:\Program Files\Java\jdk1.8.0_291\jre\lib\resources.jar;C:\Program Files\Java\jdk1.8.0_291\jre\lib\rt.jar;C:\Program Files\Java\jdk1.8.0_291\jre\lib\sunrsasign.jar;C:\Program Files\Java\jdk1.8.0_291\jre\lib\jsse.jar;C:\Program Files\Java\jdk1.8.0_291\jre\lib\jce.jar;C:\Program Files\Java\jdk1.8.0_291\jre\lib\charsets.jar;C:\Program Files\Java\jdk1.8.0_291\jre\lib\jfr.jar;C:\Program Files\Java\jdk1.8.0_291\jre\classes"/>
    <property name="sun.stderr.encoding" value="cp437"/>
    <property name="java.vendor" value="Oracle Corporation"/>
    <property name="maven.home" value="C:\apache-maven-3.6.3\bin\.."/>
    <property name="file.separator" value="\"/>
    <property name="java.vendor.url.bug" value="http://bugreport.sun.com/bugreport/"/>
    <property name="sun.cpu.endian" value="little"/>
    <property name="sun.io.unicode.encoding" value="UnicodeLittle"/>
    <property name="sun.stdout.encoding" value="cp437"/>
    <property name="sun.desktop" value="windows"/>
    <property name="sun.cpu.isalist" value="amd64"/>
  </properties>
  <testcase classname="android.hybrid_apps.apiDemos.App_Test" name="appTest" time="0.462">
    <failure message="org.openqa.selenium.WebDriverException: An unknown server-side error occurred while processing the command. Original error: &apos;POST /element&apos; cannot be proxied to UiAutomator2 server because the instrumentation process is not running (probably crashed). Check the server log and/or the logcat output for more details
Build info: version: &apos;3.141.59&apos;, revision: &apos;e82be7d358&apos;, time: &apos;2018-11-14T08:17:03&apos;
System info: host: &apos;ITL2L0F273&apos;, ip: &apos;192.168.1.55&apos;, os.name: &apos;Windows 10&apos;, os.arch: &apos;amd64&apos;, os.version: &apos;10.0&apos;, java.version: &apos;1.8.0_291&apos;
Driver info: io.appium.java_client.android.AndroidDriver
Capabilities {app: C:/apks/ApiDemos-debug.apk, appPackage: io.appium.android.apis, autoGrantPermissions: true, automationName: UiAutomator2, databaseEnabled: false, desired: {app: C:/apks/ApiDemos-debug.apk, autoGrantPermissions: true, automationName: UiAutomator2, deviceName: anyName, platformName: android}, deviceApiLevel: 24, deviceManufacturer: Google, deviceModel: Android SDK built for x86, deviceName: emulator-5554, deviceScreenDensity: 480, deviceScreenSize: 1080x1920, deviceUDID: emulator-5554, javascriptEnabled: true, locationContextEnabled: false, networkConnectionEnabled: true, pixelRatio: 3, platform: LINUX, platformName: Android, platformVersion: 7.0, statBarHeight: 72, takesScreenshot: true, viewportRect: {height: 1704, left: 0, top: 72, width: 1080}, warnings: {}, webStorageEnabled: false}
Session ID: 98b042ec-73e5-497d-85a1-374151d2e2d7
*** Element info: {Using=id, value=android:id/text1}" type="org.openqa.selenium.WebDriverException">org.openqa.selenium.WebDriverException: org.openqa.selenium.WebDriverException: An unknown server-side error occurred while processing the command. Original error: &apos;POST /element&apos; cannot be proxied to UiAutomator2 server because the instrumentation process is not running (probably crashed). Check the server log and/or the logcat output for more details
Build info: version: &apos;3.141.59&apos;, revision: &apos;e82be7d358&apos;, time: &apos;2018-11-14T08:17:03&apos;
System info: host: &apos;ITL2L0F273&apos;, ip: &apos;192.168.1.55&apos;, os.name: &apos;Windows 10&apos;, os.arch: &apos;amd64&apos;, os.version: &apos;10.0&apos;, java.version: &apos;1.8.0_291&apos;
Driver info: io.appium.java_client.android.AndroidDriver
Capabilities {app: C:/apks/ApiDemos-debug.apk, appPackage: io.appium.android.apis, autoGrantPermissions: true, automationName: UiAutomator2, databaseEnabled: false, desired: {app: C:/apks/ApiDemos-debug.apk, autoGrantPermissions: true, automationName: UiAutomator2, deviceName: anyName, platformName: android}, deviceApiLevel: 24, deviceManufacturer: Google, deviceModel: Android SDK built for x86, deviceName: emulator-5554, deviceScreenDensity: 480, deviceScreenSize: 1080x1920, deviceUDID: emulator-5554, javascriptEnabled: true, locationContextEnabled: false, networkConnectionEnabled: true, pixelRatio: 3, platform: LINUX, platformName: Android, platformVersion: 7.0, statBarHeight: 72, takesScreenshot: true, viewportRect: {height: 1704, left: 0, top: 72, width: 1080}, warnings: {}, webStorageEnabled: false}
Session ID: 98b042ec-73e5-497d-85a1-374151d2e2d7
*** Element info: {Using=id, value=android:id/text1}
	at io.appium.java_client.pagefactory.AppiumElementLocator$WaitingFunction.apply(AppiumElementLocator.java:192)
	at io.appium.java_client.pagefactory.AppiumElementLocator$WaitingFunction.apply(AppiumElementLocator.java:1)
	at org.openqa.selenium.support.ui.FluentWait.until(FluentWait.java:249)
	at io.appium.java_client.pagefactory.AppiumElementLocator.waitFor(AppiumElementLocator.java:99)
	at io.appium.java_client.pagefactory.AppiumElementLocator.findElement(AppiumElementLocator.java:119)
	at io.appium.java_client.pagefactory.interceptors.InterceptorOfASingleElement.intercept(InterceptorOfASingleElement.java:59)
	at io.appium.java_client.android.AndroidElement$$EnhancerByCGLIB$$b598166c.getText(&lt;generated&gt;)
	at pageObjectsModel.api_Demos_Pages.AppPage.action_bar(AppPage.java:40)
	at android.hybrid_apps.apiDemos.App_Test.appTest(App_Test.java:35)
Caused by: org.openqa.selenium.WebDriverException: An unknown server-side error occurred while processing the command. Original error: &apos;POST /element&apos; cannot be proxied to UiAutomator2 server because the instrumentation process is not running (probably crashed). Check the server log and/or the logcat output for more details
Build info: version: &apos;3.141.59&apos;, revision: &apos;e82be7d358&apos;, time: &apos;2018-11-14T08:17:03&apos;
System info: host: &apos;ITL2L0F273&apos;, ip: &apos;192.168.1.55&apos;, os.name: &apos;Windows 10&apos;, os.arch: &apos;amd64&apos;, os.version: &apos;10.0&apos;, java.version: &apos;1.8.0_291&apos;
Driver info: io.appium.java_client.android.AndroidDriver
Capabilities {app: C:/apks/ApiDemos-debug.apk, appPackage: io.appium.android.apis, autoGrantPermissions: true, automationName: UiAutomator2, databaseEnabled: false, desired: {app: C:/apks/ApiDemos-debug.apk, autoGrantPermissions: true, automationName: UiAutomator2, deviceName: anyName, platformName: android}, deviceApiLevel: 24, deviceManufacturer: Google, deviceModel: Android SDK built for x86, deviceName: emulator-5554, deviceScreenDensity: 480, deviceScreenSize: 1080x1920, deviceUDID: emulator-5554, javascriptEnabled: true, locationContextEnabled: false, networkConnectionEnabled: true, pixelRatio: 3, platform: LINUX, platformName: Android, platformVersion: 7.0, statBarHeight: 72, takesScreenshot: true, viewportRect: {height: 1704, left: 0, top: 72, width: 1080}, warnings: {}, webStorageEnabled: false}
Session ID: 98b042ec-73e5-497d-85a1-374151d2e2d7
*** Element info: {Using=id, value=android:id/text1}
	at sun.reflect.NativeConstructorAccessorImpl.newInstance0(Native Method)
	at sun.reflect.NativeConstructorAccessorImpl.newInstance(NativeConstructorAccessorImpl.java:62)
	at sun.reflect.DelegatingConstructorAccessorImpl.newInstance(DelegatingConstructorAccessorImpl.java:45)
	at java.lang.reflect.Constructor.newInstance(Constructor.java:423)
	at org.openqa.selenium.remote.http.W3CHttpResponseCodec.createException(W3CHttpResponseCodec.java:187)
	at org.openqa.selenium.remote.http.W3CHttpResponseCodec.decode(W3CHttpResponseCodec.java:122)
	at org.openqa.selenium.remote.http.W3CHttpResponseCodec.decode(W3CHttpResponseCodec.java:49)
	at org.openqa.selenium.remote.HttpCommandExecutor.execute(HttpCommandExecutor.java:158)
	at io.appium.java_client.remote.AppiumCommandExecutor.execute(AppiumCommandExecutor.java:247)
	at org.openqa.selenium.remote.RemoteWebDriver.execute(RemoteWebDriver.java:552)
	at io.appium.java_client.DefaultGenericMobileDriver.execute(DefaultGenericMobileDriver.java:41)
	at io.appium.java_client.AppiumDriver.execute(AppiumDriver.java:1)
	at io.appium.java_client.android.AndroidDriver.execute(AndroidDriver.java:1)
	at org.openqa.selenium.remote.RemoteWebDriver.findElement(RemoteWebDriver.java:323)
	at io.appium.java_client.DefaultGenericMobileDriver.findElement(DefaultGenericMobileDriver.java:61)
	at io.appium.java_client.AppiumDriver.findElement(AppiumDriver.java:1)
	at io.appium.java_client.android.AndroidDriver.findElement(AndroidDriver.java:1)
	at org.openqa.selenium.remote.RemoteWebDriver.findElementById(RemoteWebDriver.java:372)
	at io.appium.java_client.DefaultGenericMobileDriver.findElementById(DefaultGenericMobileDriver.java:69)
	at io.appium.java_client.AppiumDriver.findElementById(AppiumDriver.java:1)
	at io.appium.java_client.android.AndroidDriver.findElementById(AndroidDriver.java:1)
	at org.openqa.selenium.By$ById.findElement(By.java:188)
	at org.openqa.selenium.remote.RemoteWebDriver.findElement(RemoteWebDriver.java:315)
	at io.appium.java_client.DefaultGenericMobileDriver.findElement(DefaultGenericMobileDriver.java:57)
	at io.appium.java_client.AppiumDriver.findElement(AppiumDriver.java:1)
	at io.appium.java_client.android.AndroidDriver.findElement(AndroidDriver.java:1)
	at io.appium.java_client.pagefactory.bys.builder.ByChained.lambda$0(ByChained.java:38)
	at org.openqa.selenium.support.ui.FluentWait.until(FluentWait.java:249)
	at io.appium.java_client.pagefactory.bys.builder.ByChained.findElement(ByChained.java:72)
	at org.openqa.selenium.remote.RemoteWebDriver.findElement(RemoteWebDriver.java:315)
	at io.appium.java_client.DefaultGenericMobileDriver.findElement(DefaultGenericMobileDriver.java:57)
	at io.appium.java_client.AppiumDriver.findElement(AppiumDriver.java:1)
	at io.appium.java_client.android.AndroidDriver.findElement(AndroidDriver.java:1)
	at io.appium.java_client.pagefactory.bys.ContentMappedBy.findElement(ContentMappedBy.java:50)
	at org.openqa.selenium.remote.RemoteWebDriver.findElement(RemoteWebDriver.java:315)
	at io.appium.java_client.DefaultGenericMobileDriver.findElement(DefaultGenericMobileDriver.java:57)
	at io.appium.java_client.AppiumDriver.findElement(AppiumDriver.java:1)
	at io.appium.java_client.android.AndroidDriver.findElement(AndroidDriver.java:1)
	at io.appium.java_client.pagefactory.AppiumElementLocator.lambda$0(AppiumElementLocator.java:120)
	at io.appium.java_client.pagefactory.AppiumElementLocator$WaitingFunction.apply(AppiumElementLocator.java:172)
	... 46 more
</failure>
    <system-out>Configuring TestNG with: org.apache.maven.surefire.testng.conf.TestNG652Configurator@2ac1fdc4
org.openqa.selenium.WebDriverException: An unknown server-side error occurred while processing the command. Original error: &apos;POST /element&apos; cannot be proxied to UiAutomator2 server because the instrumentation process is not running (probably crashed). Check the server log and/or the logcat output for more details
Build info: version: &apos;3.141.59&apos;, revision: &apos;e82be7d358&apos;, time: &apos;2018-11-14T08:17:03&apos;
System info: host: &apos;ITL2L0F273&apos;, ip: &apos;192.168.1.55&apos;, os.name: &apos;Windows 10&apos;, os.arch: &apos;amd64&apos;, os.version: &apos;10.0&apos;, java.version: &apos;1.8.0_291&apos;
Driver info: io.appium.java_client.android.AndroidDriver
Capabilities {app: C:/apks/ApiDemos-debug.apk, appPackage: io.appium.android.apis, autoGrantPermissions: true, automationName: UiAutomator2, databaseEnabled: false, desired: {app: C:/apks/ApiDemos-debug.apk, autoGrantPermissions: true, automationName: UiAutomator2, deviceName: anyName, platformName: android}, deviceApiLevel: 24, deviceManufacturer: Google, deviceModel: Android SDK built for x86, deviceName: emulator-5554, deviceScreenDensity: 480, deviceScreenSize: 1080x1920, deviceUDID: emulator-5554, javascriptEnabled: true, locationContextEnabled: false, networkConnectionEnabled: true, pixelRatio: 3, platform: LINUX, platformName: Android, platformVersion: 7.0, statBarHeight: 72, takesScreenshot: true, viewportRect: {height: 1704, left: 0, top: 72, width: 1080}, warnings: {}, webStorageEnabled: false}
Session ID: 98b042ec-73e5-497d-85a1-374151d2e2d7
*** Element info: {Using=accessibility id, value=App}
org.openqa.selenium.WebDriverException: An unknown server-side error occurred while processing the command. Original error: &apos;POST /element&apos; cannot be proxied to UiAutomator2 server because the instrumentation process is not running (probably crashed). Check the server log and/or the logcat output for more details
Build info: version: &apos;3.141.59&apos;, revision: &apos;e82be7d358&apos;, time: &apos;2018-11-14T08:17:03&apos;
System info: host: &apos;ITL2L0F273&apos;, ip: &apos;192.168.1.55&apos;, os.name: &apos;Windows 10&apos;, os.arch: &apos;amd64&apos;, os.version: &apos;10.0&apos;, java.version: &apos;1.8.0_291&apos;
Driver info: io.appium.java_client.android.AndroidDriver
Capabilities {app: C:/apks/ApiDemos-debug.apk, appPackage: io.appium.android.apis, autoGrantPermissions: true, automationName: UiAutomator2, databaseEnabled: false, desired: {app: C:/apks/ApiDemos-debug.apk, autoGrantPermissions: true, automationName: UiAutomator2, deviceName: anyName, platformName: android}, deviceApiLevel: 24, deviceManufacturer: Google, deviceModel: Android SDK built for x86, deviceName: emulator-5554, deviceScreenDensity: 480, deviceScreenSize: 1080x1920, deviceUDID: emulator-5554, javascriptEnabled: true, locationContextEnabled: false, networkConnectionEnabled: true, pixelRatio: 3, platform: LINUX, platformName: Android, platformVersion: 7.0, statBarHeight: 72, takesScreenshot: true, viewportRect: {height: 1704, left: 0, top: 72, width: 1080}, warnings: {}, webStorageEnabled: false}
Session ID: 98b042ec-73e5-497d-85a1-374151d2e2d7
*** Element info: {Using=accessibility id, value=App}
</system-out>
    <system-err>Aug 25, 2021 11:19:58 PM io.appium.java_client.remote.AppiumCommandExecutor$1 lambda$0
INFO: Detected dialect: W3C
Aug 25, 2021 11:20:07 PM io.appium.java_client.remote.AppiumCommandExecutor$1 lambda$0
INFO: Detected dialect: W3C
Aug 25, 2021 11:20:15 PM io.appium.java_client.remote.AppiumCommandExecutor$1 lambda$0
INFO: Detected dialect: W3C
Aug 25, 2021 11:20:27 PM io.appium.java_client.remote.AppiumCommandExecutor$1 lambda$0
INFO: Detected dialect: W3C
Aug 25, 2021 11:20:27 PM io.cucumber.core.runtime.FeaturePathFeatureSupplier get
WARNING: No features found at classpath:/android/hybrid_apps/apiDemos
</system-err>
  </testcase>
  <testcase classname="android.hybrid_apps.apiDemos.ClipBoard_Test" name="clipboard_Test" time="0.04">
    <failure message="An unknown server-side error occurred while processing the command. Original error: Could not proxy. Proxy error: &apos;POST /wd/hub/session/54783357-8771-4526-8e34-505feb2cf34f/appium/device/set_clipboard&apos; cannot be proxied to UiAutomator2 server because the instrumentation process is not running (probably crashed). Check the server log and/or the logcat output for more details
Build info: version: &apos;3.141.59&apos;, revision: &apos;e82be7d358&apos;, time: &apos;2018-11-14T08:17:03&apos;
System info: host: &apos;ITL2L0F273&apos;, ip: &apos;192.168.1.55&apos;, os.name: &apos;Windows 10&apos;, os.arch: &apos;amd64&apos;, os.version: &apos;10.0&apos;, java.version: &apos;1.8.0_291&apos;
Driver info: io.appium.java_client.android.AndroidDriver
Capabilities {app: C:/apks/selendroid-test-app..., appPackage: io.selendroid.testapp, automationName: UiAutomator2, databaseEnabled: false, desired: {app: C:/apks/selendroid-test-app..., automationName: UiAutomator2, deviceName: anyName, platformName: android}, deviceApiLevel: 24, deviceManufacturer: Google, deviceModel: Android SDK built for x86, deviceName: emulator-5554, deviceScreenDensity: 480, deviceScreenSize: 1080x1920, deviceUDID: emulator-5554, javascriptEnabled: true, locationContextEnabled: false, networkConnectionEnabled: true, pixelRatio: 3, platform: LINUX, platformName: Android, platformVersion: 7.0, statBarHeight: 72, takesScreenshot: true, viewportRect: {height: 1704, left: 0, top: 72, width: 1080}, warnings: {}, webStorageEnabled: false}
Session ID: 54783357-8771-4526-8e34-505feb2cf34f" type="org.openqa.selenium.WebDriverException">org.openqa.selenium.WebDriverException: An unknown server-side error occurred while processing the command. Original error: Could not proxy. Proxy error: &apos;POST /wd/hub/session/54783357-8771-4526-8e34-505feb2cf34f/appium/device/set_clipboard&apos; cannot be proxied to UiAutomator2 server because the instrumentation process is not running (probably crashed). Check the server log and/or the logcat output for more details
Build info: version: &apos;3.141.59&apos;, revision: &apos;e82be7d358&apos;, time: &apos;2018-11-14T08:17:03&apos;
System info: host: &apos;ITL2L0F273&apos;, ip: &apos;192.168.1.55&apos;, os.name: &apos;Windows 10&apos;, os.arch: &apos;amd64&apos;, os.version: &apos;10.0&apos;, java.version: &apos;1.8.0_291&apos;
Driver info: io.appium.java_client.android.AndroidDriver
Capabilities {app: C:/apks/selendroid-test-app..., appPackage: io.selendroid.testapp, automationName: UiAutomator2, databaseEnabled: false, desired: {app: C:/apks/selendroid-test-app..., automationName: UiAutomator2, deviceName: anyName, platformName: android}, deviceApiLevel: 24, deviceManufacturer: Google, deviceModel: Android SDK built for x86, deviceName: emulator-5554, deviceScreenDensity: 480, deviceScreenSize: 1080x1920, deviceUDID: emulator-5554, javascriptEnabled: true, locationContextEnabled: false, networkConnectionEnabled: true, pixelRatio: 3, platform: LINUX, platformName: Android, platformVersion: 7.0, statBarHeight: 72, takesScreenshot: true, viewportRect: {height: 1704, left: 0, top: 72, width: 1080}, warnings: {}, webStorageEnabled: false}
Session ID: 54783357-8771-4526-8e34-505feb2cf34f
	at sun.reflect.NativeConstructorAccessorImpl.newInstance0(Native Method)
	at sun.reflect.NativeConstructorAccessorImpl.newInstance(NativeConstructorAccessorImpl.java:62)
	at sun.reflect.DelegatingConstructorAccessorImpl.newInstance(DelegatingConstructorAccessorImpl.java:45)
	at java.lang.reflect.Constructor.newInstance(Constructor.java:423)
	at org.openqa.selenium.remote.http.W3CHttpResponseCodec.createException(W3CHttpResponseCodec.java:187)
	at org.openqa.selenium.remote.http.W3CHttpResponseCodec.decode(W3CHttpResponseCodec.java:122)
	at org.openqa.selenium.remote.http.W3CHttpResponseCodec.decode(W3CHttpResponseCodec.java:49)
	at org.openqa.selenium.remote.HttpCommandExecutor.execute(HttpCommandExecutor.java:158)
	at io.appium.java_client.remote.AppiumCommandExecutor.execute(AppiumCommandExecutor.java:247)
	at org.openqa.selenium.remote.RemoteWebDriver.execute(RemoteWebDriver.java:552)
	at io.appium.java_client.DefaultGenericMobileDriver.execute(DefaultGenericMobileDriver.java:41)
	at io.appium.java_client.AppiumDriver.execute(AppiumDriver.java:1)
	at io.appium.java_client.android.AndroidDriver.execute(AndroidDriver.java:1)
	at io.appium.java_client.CommandExecutionHelper.execute(CommandExecutionHelper.java:27)
	at io.appium.java_client.clipboard.HasClipboard.setClipboard(HasClipboard.java:42)
	at io.appium.java_client.clipboard.HasClipboard.setClipboardText(HasClipboard.java:63)
	at pageObjectsModel.api_Demos_Pages.Clipboard.clipboardPage(Clipboard.java:19)
	at android.hybrid_apps.apiDemos.ClipBoard_Test.clipboard_Test(ClipBoard_Test.java:33)
</failure>
    <system-err>&amp;#27;[32m&amp;#27;[1m?????????????????????????????????????????????????????????????????????????????????????&amp;#27;[0m
&amp;#27;[32m&amp;#27;[1m?&amp;#27;[0m Share your Cucumber Report with your team at &amp;#27;[36m&amp;#27;[1m&amp;#27;[4mhttps://reports.cucumber.io&amp;#27;[0m          &amp;#27;[32m&amp;#27;[1m?&amp;#27;[0m
&amp;#27;[32m&amp;#27;[1m?&amp;#27;[0m Activate publishing with one of the following:                                    &amp;#27;[32m&amp;#27;[1m?&amp;#27;[0m
&amp;#27;[32m&amp;#27;[1m?&amp;#27;[0m                                                                                   &amp;#27;[32m&amp;#27;[1m?&amp;#27;[0m
&amp;#27;[32m&amp;#27;[1m?&amp;#27;[0m src/test/resources/cucumber.properties:          &amp;#27;[36mcucumber.publish.enabled&amp;#27;[0m=&amp;#27;[36mtrue&amp;#27;[0m    &amp;#27;[32m&amp;#27;[1m?&amp;#27;[0m
&amp;#27;[32m&amp;#27;[1m?&amp;#27;[0m src/test/resources/junit-platform.properties:    &amp;#27;[36mcucumber.publish.enabled&amp;#27;[0m=&amp;#27;[36mtrue&amp;#27;[0m    &amp;#27;[32m&amp;#27;[1m?&amp;#27;[0m
&amp;#27;[32m&amp;#27;[1m?&amp;#27;[0m Environment variable:                            &amp;#27;[36mCUCUMBER_PUBLISH_ENABLED&amp;#27;[0m=&amp;#27;[36mtrue&amp;#27;[0m    &amp;#27;[32m&amp;#27;[1m?&amp;#27;[0m
&amp;#27;[32m&amp;#27;[1m?&amp;#27;[0m JUnit:                                           &amp;#27;[36m@CucumberOptions&amp;#27;[0m(publish = &amp;#27;[36mtrue&amp;#27;[0m) &amp;#27;[32m&amp;#27;[1m?&amp;#27;[0m
&amp;#27;[32m&amp;#27;[1m?&amp;#27;[0m                                                                                   &amp;#27;[32m&amp;#27;[1m?&amp;#27;[0m
&amp;#27;[32m&amp;#27;[1m?&amp;#27;[0m More information at &amp;#27;[36mhttps://cucumber.io/docs/cucumber/environment-variables/&amp;#27;[0m      &amp;#27;[32m&amp;#27;[1m?&amp;#27;[0m
&amp;#27;[32m&amp;#27;[1m?&amp;#27;[0m                                                                                   &amp;#27;[32m&amp;#27;[1m?&amp;#27;[0m
&amp;#27;[32m&amp;#27;[1m?&amp;#27;[0m Disable this message with one of the following:                                   &amp;#27;[32m&amp;#27;[1m?&amp;#27;[0m
&amp;#27;[32m&amp;#27;[1m?&amp;#27;[0m                                                                                   &amp;#27;[32m&amp;#27;[1m?&amp;#27;[0m
&amp;#27;[32m&amp;#27;[1m?&amp;#27;[0m src/test/resources/cucumber.properties:          &amp;#27;[36mcucumber.publish.quiet&amp;#27;[0m=&amp;#27;[36mtrue&amp;#27;[0m      &amp;#27;[32m&amp;#27;[1m?&amp;#27;[0m
&amp;#27;[32m&amp;#27;[1m?&amp;#27;[0m src/test/resources/junit-platform.properties:    &amp;#27;[36mcucumber.publish.quiet&amp;#27;[0m=&amp;#27;[36mtrue&amp;#27;[0m      &amp;#27;[32m&amp;#27;[1m?&amp;#27;[0m
&amp;#27;[32m&amp;#27;[1m?????????????????????????????????????????????????????????????????????????????????????&amp;#27;[0m
</system-err>
  </testcase>
  <testcase classname="android.hybrid_apps.apiDemos.Drag_Drop_Test" name="drag_DropTest" time="0.008"/>
  <testcase classname="android.hybrid_apps.apiDemos.Gallery_Test" name="drag_DropTest" time="0"/>
  <testcase classname="android.hybrid_apps.apiDemos.View_Test" name="viewTest" time="0">
    <failure type="java.lang.NullPointerException">java.lang.NullPointerException
	at pageObjectsModel.api_Demos_Pages.View.scroll_to_element(View.java:32)
	at android.hybrid_apps.apiDemos.View_Test.viewTest(View_Test.java:12)
</failure>
    <system-err>&amp;#27;[32m&amp;#27;[1m?????????????????????????????????????????????????????????????????????????????????????&amp;#27;[0m
&amp;#27;[32m&amp;#27;[1m?&amp;#27;[0m Share your Cucumber Report with your team at &amp;#27;[36m&amp;#27;[1m&amp;#27;[4mhttps://reports.cucumber.io&amp;#27;[0m          &amp;#27;[32m&amp;#27;[1m?&amp;#27;[0m
&amp;#27;[32m&amp;#27;[1m?&amp;#27;[0m Activate publishing with one of the following:                                    &amp;#27;[32m&amp;#27;[1m?&amp;#27;[0m
&amp;#27;[32m&amp;#27;[1m?&amp;#27;[0m                                                                                   &amp;#27;[32m&amp;#27;[1m?&amp;#27;[0m
&amp;#27;[32m&amp;#27;[1m?&amp;#27;[0m src/test/resources/cucumber.properties:          &amp;#27;[36mcucumber.publish.enabled&amp;#27;[0m=&amp;#27;[36mtrue&amp;#27;[0m    &amp;#27;[32m&amp;#27;[1m?&amp;#27;[0m
&amp;#27;[32m&amp;#27;[1m?&amp;#27;[0m src/test/resources/junit-platform.properties:    &amp;#27;[36mcucumber.publish.enabled&amp;#27;[0m=&amp;#27;[36mtrue&amp;#27;[0m    &amp;#27;[32m&amp;#27;[1m?&amp;#27;[0m
&amp;#27;[32m&amp;#27;[1m?&amp;#27;[0m Environment variable:                            &amp;#27;[36mCUCUMBER_PUBLISH_ENABLED&amp;#27;[0m=&amp;#27;[36mtrue&amp;#27;[0m    &amp;#27;[32m&amp;#27;[1m?&amp;#27;[0m
&amp;#27;[32m&amp;#27;[1m?&amp;#27;[0m JUnit:                                           &amp;#27;[36m@CucumberOptions&amp;#27;[0m(publish = &amp;#27;[36mtrue&amp;#27;[0m) &amp;#27;[32m&amp;#27;[1m?&amp;#27;[0m
&amp;#27;[32m&amp;#27;[1m?&amp;#27;[0m                                                                                   &amp;#27;[32m&amp;#27;[1m?&amp;#27;[0m
&amp;#27;[32m&amp;#27;[1m?&amp;#27;[0m More information at &amp;#27;[36mhttps://cucumber.io/docs/cucumber/environment-variables/&amp;#27;[0m      &amp;#27;[32m&amp;#27;[1m?&amp;#27;[0m
&amp;#27;[32m&amp;#27;[1m?&amp;#27;[0m                                                                                   &amp;#27;[32m&amp;#27;[1m?&amp;#27;[0m
&amp;#27;[32m&amp;#27;[1m?&amp;#27;[0m Disable this message with one of the following:                                   &amp;#27;[32m&amp;#27;[1m?&amp;#27;[0m
&amp;#27;[32m&amp;#27;[1m?&amp;#27;[0m                                                                                   &amp;#27;[32m&amp;#27;[1m?&amp;#27;[0m
&amp;#27;[32m&amp;#27;[1m?&amp;#27;[0m src/test/resources/cucumber.properties:          &amp;#27;[36mcucumber.publish.quiet&amp;#27;[0m=&amp;#27;[36mtrue&amp;#27;[0m      &amp;#27;[32m&amp;#27;[1m?&amp;#27;[0m
&amp;#27;[32m&amp;#27;[1m?&amp;#27;[0m src/test/resources/junit-platform.properties:    &amp;#27;[36mcucumber.publish.quiet&amp;#27;[0m=&amp;#27;[36mtrue&amp;#27;[0m      &amp;#27;[32m&amp;#27;[1m?&amp;#27;[0m
&amp;#27;[32m&amp;#27;[1m?????????????????????????????????????????????????????????????????????????????????????&amp;#27;[0m
Aug 25, 2021 11:20:28 PM io.cucumber.core.runtime.FeaturePathFeatureSupplier get
WARNING: No features found at classpath:/android/hybrid_apps/apiDemos
</system-err>
  </testcase>
  <testcase classname="android.hybrid_apps.seredroid.Serendroid_App_Test" name="run_seredroid" time="1.813">
    <failure message="An element could not be located on the page using the given search parameters.
For documentation on this error, please visit: https://www.seleniumhq.org/exceptions/no_such_element.html
Build info: version: &apos;3.141.59&apos;, revision: &apos;e82be7d358&apos;, time: &apos;2018-11-14T08:17:03&apos;
System info: host: &apos;ITL2L0F273&apos;, ip: &apos;192.168.1.55&apos;, os.name: &apos;Windows 10&apos;, os.arch: &apos;amd64&apos;, os.version: &apos;10.0&apos;, java.version: &apos;1.8.0_291&apos;
Driver info: io.appium.java_client.android.AndroidDriver
Capabilities {app: C:/apks/selendroid-test-app..., appPackage: io.selendroid.testapp, autoGrantPermissions: true, automationName: UiAutomator2, databaseEnabled: false, desired: {app: C:/apks/selendroid-test-app..., autoGrantPermissions: true, automationName: UiAutomator2, deviceName: Android Emulator, platformName: android}, deviceApiLevel: 24, deviceManufacturer: Google, deviceModel: Android SDK built for x86, deviceName: emulator-5554, deviceScreenDensity: 480, deviceScreenSize: 1080x1920, deviceUDID: emulator-5554, javascriptEnabled: true, locationContextEnabled: false, networkConnectionEnabled: true, pixelRatio: 3, platform: LINUX, platformName: Android, platformVersion: 7.0, statBarHeight: 72, takesScreenshot: true, viewportRect: {height: 1704, left: 0, top: 72, width: 1080}, warnings: {}, webStorageEnabled: false}
Session ID: 6c83685d-7a33-4e3e-8f42-00a3c13770ee
*** Element info: {Using=id, value=name_input}" type="org.openqa.selenium.NoSuchElementException">org.openqa.selenium.NoSuchElementException: An element could not be located on the page using the given search parameters.
For documentation on this error, please visit: https://www.seleniumhq.org/exceptions/no_such_element.html
Build info: version: &apos;3.141.59&apos;, revision: &apos;e82be7d358&apos;, time: &apos;2018-11-14T08:17:03&apos;
System info: host: &apos;ITL2L0F273&apos;, ip: &apos;192.168.1.55&apos;, os.name: &apos;Windows 10&apos;, os.arch: &apos;amd64&apos;, os.version: &apos;10.0&apos;, java.version: &apos;1.8.0_291&apos;
Driver info: io.appium.java_client.android.AndroidDriver
Capabilities {app: C:/apks/selendroid-test-app..., appPackage: io.selendroid.testapp, autoGrantPermissions: true, automationName: UiAutomator2, databaseEnabled: false, desired: {app: C:/apks/selendroid-test-app..., autoGrantPermissions: true, automationName: UiAutomator2, deviceName: Android Emulator, platformName: android}, deviceApiLevel: 24, deviceManufacturer: Google, deviceModel: Android SDK built for x86, deviceName: emulator-5554, deviceScreenDensity: 480, deviceScreenSize: 1080x1920, deviceUDID: emulator-5554, javascriptEnabled: true, locationContextEnabled: false, networkConnectionEnabled: true, pixelRatio: 3, platform: LINUX, platformName: Android, platformVersion: 7.0, statBarHeight: 72, takesScreenshot: true, viewportRect: {height: 1704, left: 0, top: 72, width: 1080}, warnings: {}, webStorageEnabled: false}
Session ID: 6c83685d-7a33-4e3e-8f42-00a3c13770ee
*** Element info: {Using=id, value=name_input}
	at sun.reflect.NativeConstructorAccessorImpl.newInstance0(Native Method)
	at sun.reflect.NativeConstructorAccessorImpl.newInstance(NativeConstructorAccessorImpl.java:62)
	at sun.reflect.DelegatingConstructorAccessorImpl.newInstance(DelegatingConstructorAccessorImpl.java:45)
	at java.lang.reflect.Constructor.newInstance(Constructor.java:423)
	at org.openqa.selenium.remote.http.W3CHttpResponseCodec.createException(W3CHttpResponseCodec.java:187)
	at org.openqa.selenium.remote.http.W3CHttpResponseCodec.decode(W3CHttpResponseCodec.java:122)
	at org.openqa.selenium.remote.http.W3CHttpResponseCodec.decode(W3CHttpResponseCodec.java:49)
	at org.openqa.selenium.remote.HttpCommandExecutor.execute(HttpCommandExecutor.java:158)
	at io.appium.java_client.remote.AppiumCommandExecutor.execute(AppiumCommandExecutor.java:247)
	at org.openqa.selenium.remote.RemoteWebDriver.execute(RemoteWebDriver.java:552)
	at io.appium.java_client.DefaultGenericMobileDriver.execute(DefaultGenericMobileDriver.java:41)
	at io.appium.java_client.AppiumDriver.execute(AppiumDriver.java:1)
	at io.appium.java_client.android.AndroidDriver.execute(AndroidDriver.java:1)
	at org.openqa.selenium.remote.RemoteWebDriver.findElement(RemoteWebDriver.java:323)
	at io.appium.java_client.DefaultGenericMobileDriver.findElement(DefaultGenericMobileDriver.java:61)
	at io.appium.java_client.AppiumDriver.findElement(AppiumDriver.java:1)
	at io.appium.java_client.android.AndroidDriver.findElement(AndroidDriver.java:1)
	at org.openqa.selenium.remote.RemoteWebDriver.findElementById(RemoteWebDriver.java:372)
	at io.appium.java_client.DefaultGenericMobileDriver.findElementById(DefaultGenericMobileDriver.java:69)
	at io.appium.java_client.AppiumDriver.findElementById(AppiumDriver.java:1)
	at io.appium.java_client.android.AndroidDriver.findElementById(AndroidDriver.java:1)
	at org.openqa.selenium.By$ById.findElement(By.java:188)
	at org.openqa.selenium.remote.RemoteWebDriver.findElement(RemoteWebDriver.java:315)
	at io.appium.java_client.DefaultGenericMobileDriver.findElement(DefaultGenericMobileDriver.java:57)
	at io.appium.java_client.AppiumDriver.findElement(AppiumDriver.java:1)
	at io.appium.java_client.android.AndroidDriver.findElement(AndroidDriver.java:1)
	at android.hybrid_apps.seredroid.Serendroid_App_Test.run_seredroid(Serendroid_App_Test.java:52)
</failure>
    <system-out>Context: NATIVE_APP
</system-out>
    <system-err>&amp;#27;[32m&amp;#27;[1m?????????????????????????????????????????????????????????????????????????????????????&amp;#27;[0m
&amp;#27;[32m&amp;#27;[1m?&amp;#27;[0m Share your Cucumber Report with your team at &amp;#27;[36m&amp;#27;[1m&amp;#27;[4mhttps://reports.cucumber.io&amp;#27;[0m          &amp;#27;[32m&amp;#27;[1m?&amp;#27;[0m
&amp;#27;[32m&amp;#27;[1m?&amp;#27;[0m Activate publishing with one of the following:                                    &amp;#27;[32m&amp;#27;[1m?&amp;#27;[0m
&amp;#27;[32m&amp;#27;[1m?&amp;#27;[0m                                                                                   &amp;#27;[32m&amp;#27;[1m?&amp;#27;[0m
&amp;#27;[32m&amp;#27;[1m?&amp;#27;[0m src/test/resources/cucumber.properties:          &amp;#27;[36mcucumber.publish.enabled&amp;#27;[0m=&amp;#27;[36mtrue&amp;#27;[0m    &amp;#27;[32m&amp;#27;[1m?&amp;#27;[0m
&amp;#27;[32m&amp;#27;[1m?&amp;#27;[0m src/test/resources/junit-platform.properties:    &amp;#27;[36mcucumber.publish.enabled&amp;#27;[0m=&amp;#27;[36mtrue&amp;#27;[0m    &amp;#27;[32m&amp;#27;[1m?&amp;#27;[0m
&amp;#27;[32m&amp;#27;[1m?&amp;#27;[0m Environment variable:                            &amp;#27;[36mCUCUMBER_PUBLISH_ENABLED&amp;#27;[0m=&amp;#27;[36mtrue&amp;#27;[0m    &amp;#27;[32m&amp;#27;[1m?&amp;#27;[0m
&amp;#27;[32m&amp;#27;[1m?&amp;#27;[0m JUnit:                                           &amp;#27;[36m@CucumberOptions&amp;#27;[0m(publish = &amp;#27;[36mtrue&amp;#27;[0m) &amp;#27;[32m&amp;#27;[1m?&amp;#27;[0m
&amp;#27;[32m&amp;#27;[1m?&amp;#27;[0m                                                                                   &amp;#27;[32m&amp;#27;[1m?&amp;#27;[0m
&amp;#27;[32m&amp;#27;[1m?&amp;#27;[0m More information at &amp;#27;[36mhttps://cucumber.io/docs/cucumber/environment-variables/&amp;#27;[0m      &amp;#27;[32m&amp;#27;[1m?&amp;#27;[0m
&amp;#27;[32m&amp;#27;[1m?&amp;#27;[0m                                                                                   &amp;#27;[32m&amp;#27;[1m?&amp;#27;[0m
&amp;#27;[32m&amp;#27;[1m?&amp;#27;[0m Disable this message with one of the following:                                   &amp;#27;[32m&amp;#27;[1m?&amp;#27;[0m
&amp;#27;[32m&amp;#27;[1m?&amp;#27;[0m                                                                                   &amp;#27;[32m&amp;#27;[1m?&amp;#27;[0m
&amp;#27;[32m&amp;#27;[1m?&amp;#27;[0m src/test/resources/cucumber.properties:          &amp;#27;[36mcucumber.publish.quiet&amp;#27;[0m=&amp;#27;[36mtrue&amp;#27;[0m      &amp;#27;[32m&amp;#27;[1m?&amp;#27;[0m
&amp;#27;[32m&amp;#27;[1m?&amp;#27;[0m src/test/resources/junit-platform.properties:    &amp;#27;[36mcucumber.publish.quiet&amp;#27;[0m=&amp;#27;[36mtrue&amp;#27;[0m      &amp;#27;[32m&amp;#27;[1m?&amp;#27;[0m
&amp;#27;[32m&amp;#27;[1m?????????????????????????????????????????????????????????????????????????????????????&amp;#27;[0m
</system-err>
  </testcase>
  <testcase classname="android.native_app.Photo_Test" name="photo_" time="0.001"/>
  <testcase classname="android.native_app.SMS_Test" name="sms_" time="3.647">
    <failure message="Unable to create a new remote session. Please check the server log for more details. Original error: An unknown server-side error occurred while processing the command. Original error: &apos;app&apos; option is required for reinstall
Build info: version: &apos;3.141.59&apos;, revision: &apos;e82be7d358&apos;, time: &apos;2018-11-14T08:17:03&apos;
System info: host: &apos;ITL2L0F273&apos;, ip: &apos;192.168.1.55&apos;, os.name: &apos;Windows 10&apos;, os.arch: &apos;amd64&apos;, os.version: &apos;10.0&apos;, java.version: &apos;1.8.0_291&apos;
Driver info: driver.version: AndroidDriver
remote stacktrace: UnknownError: An unknown server-side error occurred while processing the command. Original error: &apos;app&apos; option is required for reinstall
    at getResponseForW3CError (C:\Users\MIgwe\AppData\Roaming\npm\node_modules\appium\node_modules\appium-base-driver\lib\protocol\errors.js:804:9)
    at asyncHandler (C:\Users\MIgwe\AppData\Roaming\npm\node_modules\appium\node_modules\appium-base-driver\lib\protocol\protocol.js:380:37)
Build info: version: &apos;3.141.59&apos;, revision: &apos;e82be7d358&apos;, time: &apos;2018-11-14T08:17:03&apos;
System info: host: &apos;ITL2L0F273&apos;, ip: &apos;192.168.1.55&apos;, os.name: &apos;Windows 10&apos;, os.arch: &apos;amd64&apos;, os.version: &apos;10.0&apos;, java.version: &apos;1.8.0_291&apos;
Driver info: driver.version: AndroidDriver" type="org.openqa.selenium.SessionNotCreatedException">org.openqa.selenium.SessionNotCreatedException: Unable to create a new remote session. Please check the server log for more details. Original error: An unknown server-side error occurred while processing the command. Original error: &apos;app&apos; option is required for reinstall
Build info: version: &apos;3.141.59&apos;, revision: &apos;e82be7d358&apos;, time: &apos;2018-11-14T08:17:03&apos;
System info: host: &apos;ITL2L0F273&apos;, ip: &apos;192.168.1.55&apos;, os.name: &apos;Windows 10&apos;, os.arch: &apos;amd64&apos;, os.version: &apos;10.0&apos;, java.version: &apos;1.8.0_291&apos;
Driver info: driver.version: AndroidDriver
remote stacktrace: UnknownError: An unknown server-side error occurred while processing the command. Original error: &apos;app&apos; option is required for reinstall
    at getResponseForW3CError (C:\Users\MIgwe\AppData\Roaming\npm\node_modules\appium\node_modules\appium-base-driver\lib\protocol\errors.js:804:9)
    at asyncHandler (C:\Users\MIgwe\AppData\Roaming\npm\node_modules\appium\node_modules\appium-base-driver\lib\protocol\protocol.js:380:37)
Build info: version: &apos;3.141.59&apos;, revision: &apos;e82be7d358&apos;, time: &apos;2018-11-14T08:17:03&apos;
System info: host: &apos;ITL2L0F273&apos;, ip: &apos;192.168.1.55&apos;, os.name: &apos;Windows 10&apos;, os.arch: &apos;amd64&apos;, os.version: &apos;10.0&apos;, java.version: &apos;1.8.0_291&apos;
Driver info: driver.version: AndroidDriver
	at io.appium.java_client.remote.AppiumCommandExecutor$1.createSession(AppiumCommandExecutor.java:216)
	at io.appium.java_client.remote.AppiumCommandExecutor.createSession(AppiumCommandExecutor.java:225)
	at io.appium.java_client.remote.AppiumCommandExecutor.execute(AppiumCommandExecutor.java:247)
	at org.openqa.selenium.remote.RemoteWebDriver.execute(RemoteWebDriver.java:552)
	at io.appium.java_client.DefaultGenericMobileDriver.execute(DefaultGenericMobileDriver.java:41)
	at io.appium.java_client.AppiumDriver.execute(AppiumDriver.java:1)
	at io.appium.java_client.android.AndroidDriver.execute(AndroidDriver.java:1)
	at org.openqa.selenium.remote.RemoteWebDriver.startSession(RemoteWebDriver.java:213)
	at io.appium.java_client.AppiumDriver.startSession(AppiumDriver.java:338)
	at org.openqa.selenium.remote.RemoteWebDriver.&lt;init&gt;(RemoteWebDriver.java:131)
	at io.appium.java_client.DefaultGenericMobileDriver.&lt;init&gt;(DefaultGenericMobileDriver.java:37)
	at io.appium.java_client.AppiumDriver.&lt;init&gt;(AppiumDriver.java:89)
	at io.appium.java_client.AppiumDriver.&lt;init&gt;(AppiumDriver.java:99)
	at io.appium.java_client.android.AndroidDriver.&lt;init&gt;(AndroidDriver.java:96)
	at base.TestBase.platform(TestBase.java:71)
	at android.native_app.SMS_Test.sms_(SMS_Test.java:23)
Caused by: java.lang.reflect.InvocationTargetException
	at sun.reflect.NativeMethodAccessorImpl.invoke0(Native Method)
	at sun.reflect.NativeMethodAccessorImpl.invoke(NativeMethodAccessorImpl.java:62)
	at sun.reflect.DelegatingMethodAccessorImpl.invoke(DelegatingMethodAccessorImpl.java:43)
	at java.lang.reflect.Method.invoke(Method.java:498)
	at io.appium.java_client.remote.AppiumCommandExecutor$1.createSession(AppiumCommandExecutor.java:193)
	... 53 more
Caused by: org.openqa.selenium.WebDriverException: An unknown server-side error occurred while processing the command. Original error: &apos;app&apos; option is required for reinstall
Build info: version: &apos;3.141.59&apos;, revision: &apos;e82be7d358&apos;, time: &apos;2018-11-14T08:17:03&apos;
System info: host: &apos;ITL2L0F273&apos;, ip: &apos;192.168.1.55&apos;, os.name: &apos;Windows 10&apos;, os.arch: &apos;amd64&apos;, os.version: &apos;10.0&apos;, java.version: &apos;1.8.0_291&apos;
Driver info: driver.version: AndroidDriver
remote stacktrace: UnknownError: An unknown server-side error occurred while processing the command. Original error: &apos;app&apos; option is required for reinstall
    at getResponseForW3CError (C:\Users\MIgwe\AppData\Roaming\npm\node_modules\appium\node_modules\appium-base-driver\lib\protocol\errors.js:804:9)
    at asyncHandler (C:\Users\MIgwe\AppData\Roaming\npm\node_modules\appium\node_modules\appium-base-driver\lib\protocol\protocol.js:380:37)
	at sun.reflect.NativeConstructorAccessorImpl.newInstance0(Native Method)
	at sun.reflect.NativeConstructorAccessorImpl.newInstance(NativeConstructorAccessorImpl.java:62)
	at sun.reflect.DelegatingConstructorAccessorImpl.newInstance(DelegatingConstructorAccessorImpl.java:45)
	at java.lang.reflect.Constructor.newInstance(Constructor.java:423)
	at org.openqa.selenium.remote.W3CHandshakeResponse.lambda$errorHandler$0(W3CHandshakeResponse.java:62)
	at org.openqa.selenium.remote.HandshakeResponse.lambda$getResponseFunction$0(HandshakeResponse.java:30)
	at org.openqa.selenium.remote.ProtocolHandshake.lambda$createSession$0(ProtocolHandshake.java:126)
	at java.util.stream.ReferencePipeline$3$1.accept(ReferencePipeline.java:193)
	at java.util.Spliterators$ArraySpliterator.tryAdvance(Spliterators.java:958)
	at java.util.stream.ReferencePipeline.forEachWithCancel(ReferencePipeline.java:126)
	at java.util.stream.AbstractPipeline.copyIntoWithCancel(AbstractPipeline.java:499)
	at java.util.stream.AbstractPipeline.copyInto(AbstractPipeline.java:486)
	at java.util.stream.AbstractPipeline.wrapAndCopyInto(AbstractPipeline.java:472)
	at java.util.stream.FindOps$FindOp.evaluateSequential(FindOps.java:152)
	at java.util.stream.AbstractPipeline.evaluate(AbstractPipeline.java:234)
	at java.util.stream.ReferencePipeline.findFirst(ReferencePipeline.java:464)
	at org.openqa.selenium.remote.ProtocolHandshake.createSession(ProtocolHandshake.java:128)
	... 58 more
</failure>
    <system-err>&amp;#27;[32m&amp;#27;[1m?????????????????????????????????????????????????????????????????????????????????????&amp;#27;[0m
&amp;#27;[32m&amp;#27;[1m?&amp;#27;[0m Share your Cucumber Report with your team at &amp;#27;[36m&amp;#27;[1m&amp;#27;[4mhttps://reports.cucumber.io&amp;#27;[0m          &amp;#27;[32m&amp;#27;[1m?&amp;#27;[0m
&amp;#27;[32m&amp;#27;[1m?&amp;#27;[0m Activate publishing with one of the following:                                    &amp;#27;[32m&amp;#27;[1m?&amp;#27;[0m
&amp;#27;[32m&amp;#27;[1m?&amp;#27;[0m                                                                                   &amp;#27;[32m&amp;#27;[1m?&amp;#27;[0m
&amp;#27;[32m&amp;#27;[1m?&amp;#27;[0m src/test/resources/cucumber.properties:          &amp;#27;[36mcucumber.publish.enabled&amp;#27;[0m=&amp;#27;[36mtrue&amp;#27;[0m    &amp;#27;[32m&amp;#27;[1m?&amp;#27;[0m
&amp;#27;[32m&amp;#27;[1m?&amp;#27;[0m src/test/resources/junit-platform.properties:    &amp;#27;[36mcucumber.publish.enabled&amp;#27;[0m=&amp;#27;[36mtrue&amp;#27;[0m    &amp;#27;[32m&amp;#27;[1m?&amp;#27;[0m
&amp;#27;[32m&amp;#27;[1m?&amp;#27;[0m Environment variable:                            &amp;#27;[36mCUCUMBER_PUBLISH_ENABLED&amp;#27;[0m=&amp;#27;[36mtrue&amp;#27;[0m    &amp;#27;[32m&amp;#27;[1m?&amp;#27;[0m
&amp;#27;[32m&amp;#27;[1m?&amp;#27;[0m JUnit:                                           &amp;#27;[36m@CucumberOptions&amp;#27;[0m(publish = &amp;#27;[36mtrue&amp;#27;[0m) &amp;#27;[32m&amp;#27;[1m?&amp;#27;[0m
&amp;#27;[32m&amp;#27;[1m?&amp;#27;[0m                                                                                   &amp;#27;[32m&amp;#27;[1m?&amp;#27;[0m
&amp;#27;[32m&amp;#27;[1m?&amp;#27;[0m More information at &amp;#27;[36mhttps://cucumber.io/docs/cucumber/environment-variables/&amp;#27;[0m      &amp;#27;[32m&amp;#27;[1m?&amp;#27;[0m
&amp;#27;[32m&amp;#27;[1m?&amp;#27;[0m                                                                                   &amp;#27;[32m&amp;#27;[1m?&amp;#27;[0m
&amp;#27;[32m&amp;#27;[1m?&amp;#27;[0m Disable this message with one of the following:                                   &amp;#27;[32m&amp;#27;[1m?&amp;#27;[0m
&amp;#27;[32m&amp;#27;[1m?&amp;#27;[0m                                                                                   &amp;#27;[32m&amp;#27;[1m?&amp;#27;[0m
&amp;#27;[32m&amp;#27;[1m?&amp;#27;[0m src/test/resources/cucumber.properties:          &amp;#27;[36mcucumber.publish.quiet&amp;#27;[0m=&amp;#27;[36mtrue&amp;#27;[0m      &amp;#27;[32m&amp;#27;[1m?&amp;#27;[0m
&amp;#27;[32m&amp;#27;[1m?&amp;#27;[0m src/test/resources/junit-platform.properties:    &amp;#27;[36mcucumber.publish.quiet&amp;#27;[0m=&amp;#27;[36mtrue&amp;#27;[0m      &amp;#27;[32m&amp;#27;[1m?&amp;#27;[0m
&amp;#27;[32m&amp;#27;[1m?????????????????????????????????????????????????????????????????????????????????????&amp;#27;[0m
Aug 25, 2021 11:20:29 PM io.cucumber.core.runtime.FeaturePathFeatureSupplier get
WARNING: No features found at classpath:/android/native_app
</system-err>
  </testcase>
  <testcase classname="android.web_app.Mobile_Web_Test" name="mobile_web" time="7.058">
    <failure message="Unable to create a new remote session. Please check the server log for more details. Original error: An unknown server-side error occurred while processing the command. Original error: No Chromedriver found that can automate Chrome &apos;51.0.2704&apos;. You could also try to enable automated chromedrivers download server feature. See https://github.com/appium/appium/blob/master/docs/en/writing-running-appium/web/chromedriver.md for more details
Build info: version: &apos;3.141.59&apos;, revision: &apos;e82be7d358&apos;, time: &apos;2018-11-14T08:17:03&apos;
System info: host: &apos;ITL2L0F273&apos;, ip: &apos;192.168.1.55&apos;, os.name: &apos;Windows 10&apos;, os.arch: &apos;amd64&apos;, os.version: &apos;10.0&apos;, java.version: &apos;1.8.0_291&apos;
Driver info: driver.version: AppiumDriver
remote stacktrace: UnknownError: An unknown server-side error occurred while processing the command. Original error: No Chromedriver found that can automate Chrome &apos;51.0.2704&apos;. You could also try to enable automated chromedrivers download server feature. See https://github.com/appium/appium/blob/master/docs/en/writing-running-appium/web/chromedriver.md for more details
    at getResponseForW3CError (C:\Users\MIgwe\AppData\Roaming\npm\node_modules\appium\node_modules\appium-base-driver\lib\protocol\errors.js:804:9)
    at asyncHandler (C:\Users\MIgwe\AppData\Roaming\npm\node_modules\appium\node_modules\appium-base-driver\lib\protocol\protocol.js:380:37)
Build info: version: &apos;3.141.59&apos;, revision: &apos;e82be7d358&apos;, time: &apos;2018-11-14T08:17:03&apos;
System info: host: &apos;ITL2L0F273&apos;, ip: &apos;192.168.1.55&apos;, os.name: &apos;Windows 10&apos;, os.arch: &apos;amd64&apos;, os.version: &apos;10.0&apos;, java.version: &apos;1.8.0_291&apos;
Driver info: driver.version: AppiumDriver" type="org.openqa.selenium.SessionNotCreatedException">org.openqa.selenium.SessionNotCreatedException: Unable to create a new remote session. Please check the server log for more details. Original error: An unknown server-side error occurred while processing the command. Original error: No Chromedriver found that can automate Chrome &apos;51.0.2704&apos;. You could also try to enable automated chromedrivers download server feature. See https://github.com/appium/appium/blob/master/docs/en/writing-running-appium/web/chromedriver.md for more details
Build info: version: &apos;3.141.59&apos;, revision: &apos;e82be7d358&apos;, time: &apos;2018-11-14T08:17:03&apos;
System info: host: &apos;ITL2L0F273&apos;, ip: &apos;192.168.1.55&apos;, os.name: &apos;Windows 10&apos;, os.arch: &apos;amd64&apos;, os.version: &apos;10.0&apos;, java.version: &apos;1.8.0_291&apos;
Driver info: driver.version: AppiumDriver
remote stacktrace: UnknownError: An unknown server-side error occurred while processing the command. Original error: No Chromedriver found that can automate Chrome &apos;51.0.2704&apos;. You could also try to enable automated chromedrivers download server feature. See https://github.com/appium/appium/blob/master/docs/en/writing-running-appium/web/chromedriver.md for more details
    at getResponseForW3CError (C:\Users\MIgwe\AppData\Roaming\npm\node_modules\appium\node_modules\appium-base-driver\lib\protocol\errors.js:804:9)
    at asyncHandler (C:\Users\MIgwe\AppData\Roaming\npm\node_modules\appium\node_modules\appium-base-driver\lib\protocol\protocol.js:380:37)
Build info: version: &apos;3.141.59&apos;, revision: &apos;e82be7d358&apos;, time: &apos;2018-11-14T08:17:03&apos;
System info: host: &apos;ITL2L0F273&apos;, ip: &apos;192.168.1.55&apos;, os.name: &apos;Windows 10&apos;, os.arch: &apos;amd64&apos;, os.version: &apos;10.0&apos;, java.version: &apos;1.8.0_291&apos;
Driver info: driver.version: AppiumDriver
	at io.appium.java_client.remote.AppiumCommandExecutor$1.createSession(AppiumCommandExecutor.java:216)
	at io.appium.java_client.remote.AppiumCommandExecutor.createSession(AppiumCommandExecutor.java:225)
	at io.appium.java_client.remote.AppiumCommandExecutor.execute(AppiumCommandExecutor.java:247)
	at org.openqa.selenium.remote.RemoteWebDriver.execute(RemoteWebDriver.java:552)
	at io.appium.java_client.DefaultGenericMobileDriver.execute(DefaultGenericMobileDriver.java:41)
	at io.appium.java_client.AppiumDriver.execute(AppiumDriver.java:1)
	at org.openqa.selenium.remote.RemoteWebDriver.startSession(RemoteWebDriver.java:213)
	at io.appium.java_client.AppiumDriver.startSession(AppiumDriver.java:338)
	at org.openqa.selenium.remote.RemoteWebDriver.&lt;init&gt;(RemoteWebDriver.java:131)
	at io.appium.java_client.DefaultGenericMobileDriver.&lt;init&gt;(DefaultGenericMobileDriver.java:37)
	at io.appium.java_client.AppiumDriver.&lt;init&gt;(AppiumDriver.java:89)
	at io.appium.java_client.AppiumDriver.&lt;init&gt;(AppiumDriver.java:99)
	at android.web_app.Mobile_Web_Test.mobile_web(Mobile_Web_Test.java:29)
Caused by: java.lang.reflect.InvocationTargetException
	at sun.reflect.NativeMethodAccessorImpl.invoke0(Native Method)
	at sun.reflect.NativeMethodAccessorImpl.invoke(NativeMethodAccessorImpl.java:62)
	at sun.reflect.DelegatingMethodAccessorImpl.invoke(DelegatingMethodAccessorImpl.java:43)
	at java.lang.reflect.Method.invoke(Method.java:498)
	at io.appium.java_client.remote.AppiumCommandExecutor$1.createSession(AppiumCommandExecutor.java:193)
	... 50 more
Caused by: org.openqa.selenium.WebDriverException: An unknown server-side error occurred while processing the command. Original error: No Chromedriver found that can automate Chrome &apos;51.0.2704&apos;. You could also try to enable automated chromedrivers download server feature. See https://github.com/appium/appium/blob/master/docs/en/writing-running-appium/web/chromedriver.md for more details
Build info: version: &apos;3.141.59&apos;, revision: &apos;e82be7d358&apos;, time: &apos;2018-11-14T08:17:03&apos;
System info: host: &apos;ITL2L0F273&apos;, ip: &apos;192.168.1.55&apos;, os.name: &apos;Windows 10&apos;, os.arch: &apos;amd64&apos;, os.version: &apos;10.0&apos;, java.version: &apos;1.8.0_291&apos;
Driver info: driver.version: AppiumDriver
remote stacktrace: UnknownError: An unknown server-side error occurred while processing the command. Original error: No Chromedriver found that can automate Chrome &apos;51.0.2704&apos;. You could also try to enable automated chromedrivers download server feature. See https://github.com/appium/appium/blob/master/docs/en/writing-running-appium/web/chromedriver.md for more details
    at getResponseForW3CError (C:\Users\MIgwe\AppData\Roaming\npm\node_modules\appium\node_modules\appium-base-driver\lib\protocol\errors.js:804:9)
    at asyncHandler (C:\Users\MIgwe\AppData\Roaming\npm\node_modules\appium\node_modules\appium-base-driver\lib\protocol\protocol.js:380:37)
	at sun.reflect.NativeConstructorAccessorImpl.newInstance0(Native Method)
	at sun.reflect.NativeConstructorAccessorImpl.newInstance(NativeConstructorAccessorImpl.java:62)
	at sun.reflect.DelegatingConstructorAccessorImpl.newInstance(DelegatingConstructorAccessorImpl.java:45)
	at java.lang.reflect.Constructor.newInstance(Constructor.java:423)
	at org.openqa.selenium.remote.W3CHandshakeResponse.lambda$errorHandler$0(W3CHandshakeResponse.java:62)
	at org.openqa.selenium.remote.HandshakeResponse.lambda$getResponseFunction$0(HandshakeResponse.java:30)
	at org.openqa.selenium.remote.ProtocolHandshake.lambda$createSession$0(ProtocolHandshake.java:126)
	at java.util.stream.ReferencePipeline$3$1.accept(ReferencePipeline.java:193)
	at java.util.Spliterators$ArraySpliterator.tryAdvance(Spliterators.java:958)
	at java.util.stream.ReferencePipeline.forEachWithCancel(ReferencePipeline.java:126)
	at java.util.stream.AbstractPipeline.copyIntoWithCancel(AbstractPipeline.java:499)
	at java.util.stream.AbstractPipeline.copyInto(AbstractPipeline.java:486)
	at java.util.stream.AbstractPipeline.wrapAndCopyInto(AbstractPipeline.java:472)
	at java.util.stream.FindOps$FindOp.evaluateSequential(FindOps.java:152)
	at java.util.stream.AbstractPipeline.evaluate(AbstractPipeline.java:234)
	at java.util.stream.ReferencePipeline.findFirst(ReferencePipeline.java:464)
	at org.openqa.selenium.remote.ProtocolHandshake.createSession(ProtocolHandshake.java:128)
	... 55 more
</failure>
    <system-err>&amp;#27;[32m&amp;#27;[1m?????????????????????????????????????????????????????????????????????????????????????&amp;#27;[0m
&amp;#27;[32m&amp;#27;[1m?&amp;#27;[0m Share your Cucumber Report with your team at &amp;#27;[36m&amp;#27;[1m&amp;#27;[4mhttps://reports.cucumber.io&amp;#27;[0m          &amp;#27;[32m&amp;#27;[1m?&amp;#27;[0m
&amp;#27;[32m&amp;#27;[1m?&amp;#27;[0m Activate publishing with one of the following:                                    &amp;#27;[32m&amp;#27;[1m?&amp;#27;[0m
&amp;#27;[32m&amp;#27;[1m?&amp;#27;[0m                                                                                   &amp;#27;[32m&amp;#27;[1m?&amp;#27;[0m
&amp;#27;[32m&amp;#27;[1m?&amp;#27;[0m src/test/resources/cucumber.properties:          &amp;#27;[36mcucumber.publish.enabled&amp;#27;[0m=&amp;#27;[36mtrue&amp;#27;[0m    &amp;#27;[32m&amp;#27;[1m?&amp;#27;[0m
&amp;#27;[32m&amp;#27;[1m?&amp;#27;[0m src/test/resources/junit-platform.properties:    &amp;#27;[36mcucumber.publish.enabled&amp;#27;[0m=&amp;#27;[36mtrue&amp;#27;[0m    &amp;#27;[32m&amp;#27;[1m?&amp;#27;[0m
&amp;#27;[32m&amp;#27;[1m?&amp;#27;[0m Environment variable:                            &amp;#27;[36mCUCUMBER_PUBLISH_ENABLED&amp;#27;[0m=&amp;#27;[36mtrue&amp;#27;[0m    &amp;#27;[32m&amp;#27;[1m?&amp;#27;[0m
&amp;#27;[32m&amp;#27;[1m?&amp;#27;[0m JUnit:                                           &amp;#27;[36m@CucumberOptions&amp;#27;[0m(publish = &amp;#27;[36mtrue&amp;#27;[0m) &amp;#27;[32m&amp;#27;[1m?&amp;#27;[0m
&amp;#27;[32m&amp;#27;[1m?&amp;#27;[0m                                                                                   &amp;#27;[32m&amp;#27;[1m?&amp;#27;[0m
&amp;#27;[32m&amp;#27;[1m?&amp;#27;[0m More information at &amp;#27;[36mhttps://cucumber.io/docs/cucumber/environment-variables/&amp;#27;[0m      &amp;#27;[32m&amp;#27;[1m?&amp;#27;[0m
&amp;#27;[32m&amp;#27;[1m?&amp;#27;[0m                                                                                   &amp;#27;[32m&amp;#27;[1m?&amp;#27;[0m
&amp;#27;[32m&amp;#27;[1m?&amp;#27;[0m Disable this message with one of the following:                                   &amp;#27;[32m&amp;#27;[1m?&amp;#27;[0m
&amp;#27;[32m&amp;#27;[1m?&amp;#27;[0m                                                                                   &amp;#27;[32m&amp;#27;[1m?&amp;#27;[0m
&amp;#27;[32m&amp;#27;[1m?&amp;#27;[0m src/test/resources/cucumber.properties:          &amp;#27;[36mcucumber.publish.quiet&amp;#27;[0m=&amp;#27;[36mtrue&amp;#27;[0m      &amp;#27;[32m&amp;#27;[1m?&amp;#27;[0m
&amp;#27;[32m&amp;#27;[1m?&amp;#27;[0m src/test/resources/junit-platform.properties:    &amp;#27;[36mcucumber.publish.quiet&amp;#27;[0m=&amp;#27;[36mtrue&amp;#27;[0m      &amp;#27;[32m&amp;#27;[1m?&amp;#27;[0m
&amp;#27;[32m&amp;#27;[1m?????????????????????????????????????????????????????????????????????????????????????&amp;#27;[0m
</system-err>
  </testcase>
  <testcase classname="ios.hybrid_app.Ios_Safari_Real_Device_Test" name="run_real_device" time="6.002">
    <failure message="Unable to create a new remote session. Please check the server log for more details. Original error: A new session could not be created. Details: The desiredCapabilities object was not valid for the following reason(s): &apos;platformName&apos; 14.3 not part of iOS,tvOS (WARNING: The server did not provide any stacktrace information)
Command duration or timeout: 5.96 seconds
Build info: version: &apos;3.141.59&apos;, revision: &apos;e82be7d358&apos;, time: &apos;2018-11-14T08:17:03&apos;
System info: host: &apos;ITL2L0F273&apos;, ip: &apos;192.168.1.55&apos;, os.name: &apos;Windows 10&apos;, os.arch: &apos;amd64&apos;, os.version: &apos;10.0&apos;, java.version: &apos;1.8.0_291&apos;
Driver info: driver.version: IOSDriver
Build info: version: &apos;3.141.59&apos;, revision: &apos;e82be7d358&apos;, time: &apos;2018-11-14T08:17:03&apos;
System info: host: &apos;ITL2L0F273&apos;, ip: &apos;192.168.1.55&apos;, os.name: &apos;Windows 10&apos;, os.arch: &apos;amd64&apos;, os.version: &apos;10.0&apos;, java.version: &apos;1.8.0_291&apos;
Driver info: driver.version: IOSDriver" type="org.openqa.selenium.SessionNotCreatedException">org.openqa.selenium.SessionNotCreatedException: Unable to create a new remote session. Please check the server log for more details. Original error: A new session could not be created. Details: The desiredCapabilities object was not valid for the following reason(s): &apos;platformName&apos; 14.3 not part of iOS,tvOS (WARNING: The server did not provide any stacktrace information)
Command duration or timeout: 5.96 seconds
Build info: version: &apos;3.141.59&apos;, revision: &apos;e82be7d358&apos;, time: &apos;2018-11-14T08:17:03&apos;
System info: host: &apos;ITL2L0F273&apos;, ip: &apos;192.168.1.55&apos;, os.name: &apos;Windows 10&apos;, os.arch: &apos;amd64&apos;, os.version: &apos;10.0&apos;, java.version: &apos;1.8.0_291&apos;
Driver info: driver.version: IOSDriver
Build info: version: &apos;3.141.59&apos;, revision: &apos;e82be7d358&apos;, time: &apos;2018-11-14T08:17:03&apos;
System info: host: &apos;ITL2L0F273&apos;, ip: &apos;192.168.1.55&apos;, os.name: &apos;Windows 10&apos;, os.arch: &apos;amd64&apos;, os.version: &apos;10.0&apos;, java.version: &apos;1.8.0_291&apos;
Driver info: driver.version: IOSDriver
	at io.appium.java_client.remote.AppiumCommandExecutor$1.createSession(AppiumCommandExecutor.java:216)
	at io.appium.java_client.remote.AppiumCommandExecutor.createSession(AppiumCommandExecutor.java:225)
	at io.appium.java_client.remote.AppiumCommandExecutor.execute(AppiumCommandExecutor.java:247)
	at org.openqa.selenium.remote.RemoteWebDriver.execute(RemoteWebDriver.java:552)
	at io.appium.java_client.DefaultGenericMobileDriver.execute(DefaultGenericMobileDriver.java:41)
	at io.appium.java_client.AppiumDriver.execute(AppiumDriver.java:1)
	at io.appium.java_client.ios.IOSDriver.execute(IOSDriver.java:1)
	at org.openqa.selenium.remote.RemoteWebDriver.startSession(RemoteWebDriver.java:213)
	at io.appium.java_client.AppiumDriver.startSession(AppiumDriver.java:338)
	at org.openqa.selenium.remote.RemoteWebDriver.&lt;init&gt;(RemoteWebDriver.java:131)
	at io.appium.java_client.DefaultGenericMobileDriver.&lt;init&gt;(DefaultGenericMobileDriver.java:37)
	at io.appium.java_client.AppiumDriver.&lt;init&gt;(AppiumDriver.java:89)
	at io.appium.java_client.AppiumDriver.&lt;init&gt;(AppiumDriver.java:99)
	at io.appium.java_client.ios.IOSDriver.&lt;init&gt;(IOSDriver.java:90)
	at ios.hybrid_app.Ios_Safari_Real_Device_Test.run_real_device(Ios_Safari_Real_Device_Test.java:33)
Caused by: java.lang.reflect.InvocationTargetException
	at sun.reflect.NativeMethodAccessorImpl.invoke0(Native Method)
	at sun.reflect.NativeMethodAccessorImpl.invoke(NativeMethodAccessorImpl.java:62)
	at sun.reflect.DelegatingMethodAccessorImpl.invoke(DelegatingMethodAccessorImpl.java:43)
	at java.lang.reflect.Method.invoke(Method.java:498)
	at io.appium.java_client.remote.AppiumCommandExecutor$1.createSession(AppiumCommandExecutor.java:193)
	... 52 more
Caused by: org.openqa.selenium.SessionNotCreatedException: A new session could not be created. Details: The desiredCapabilities object was not valid for the following reason(s): &apos;platformName&apos; 14.3 not part of iOS,tvOS (WARNING: The server did not provide any stacktrace information)
Command duration or timeout: 5.96 seconds
Build info: version: &apos;3.141.59&apos;, revision: &apos;e82be7d358&apos;, time: &apos;2018-11-14T08:17:03&apos;
System info: host: &apos;ITL2L0F273&apos;, ip: &apos;192.168.1.55&apos;, os.name: &apos;Windows 10&apos;, os.arch: &apos;amd64&apos;, os.version: &apos;10.0&apos;, java.version: &apos;1.8.0_291&apos;
Driver info: driver.version: IOSDriver
	at sun.reflect.NativeConstructorAccessorImpl.newInstance0(Native Method)
	at sun.reflect.NativeConstructorAccessorImpl.newInstance(NativeConstructorAccessorImpl.java:62)
	at sun.reflect.DelegatingConstructorAccessorImpl.newInstance(DelegatingConstructorAccessorImpl.java:45)
	at java.lang.reflect.Constructor.newInstance(Constructor.java:423)
	at org.openqa.selenium.remote.ErrorHandler.createThrowable(ErrorHandler.java:214)
	at org.openqa.selenium.remote.ErrorHandler.throwIfResponseFailed(ErrorHandler.java:166)
	at org.openqa.selenium.remote.JsonWireProtocolResponse.lambda$errorHandler$0(JsonWireProtocolResponse.java:54)
	at org.openqa.selenium.remote.HandshakeResponse.lambda$getResponseFunction$0(HandshakeResponse.java:30)
	at org.openqa.selenium.remote.ProtocolHandshake.lambda$createSession$0(ProtocolHandshake.java:126)
	at java.util.stream.ReferencePipeline$3$1.accept(ReferencePipeline.java:193)
	at java.util.Spliterators$ArraySpliterator.tryAdvance(Spliterators.java:958)
	at java.util.stream.ReferencePipeline.forEachWithCancel(ReferencePipeline.java:126)
	at java.util.stream.AbstractPipeline.copyIntoWithCancel(AbstractPipeline.java:499)
	at java.util.stream.AbstractPipeline.copyInto(AbstractPipeline.java:486)
	at java.util.stream.AbstractPipeline.wrapAndCopyInto(AbstractPipeline.java:472)
	at java.util.stream.FindOps$FindOp.evaluateSequential(FindOps.java:152)
	at java.util.stream.AbstractPipeline.evaluate(AbstractPipeline.java:234)
	at java.util.stream.ReferencePipeline.findFirst(ReferencePipeline.java:464)
	at org.openqa.selenium.remote.ProtocolHandshake.createSession(ProtocolHandshake.java:128)
	... 57 more
</failure>
  </testcase>
  <testcase classname="ios.web_app.Mobile_Web_Test" name="mobile_web" time="0.214">
    <failure message="Unable to create a new remote session. Please check the server log for more details. Original error: An unknown server-side error occurred while processing the command. Original error: Could not find a driver for automationName &apos;iOS&apos; and platformName &apos;IOS&apos;. Please check your desired capabilities (WARNING: The server did not provide any stacktrace information)
Command duration or timeout: 183 milliseconds
Build info: version: &apos;3.141.59&apos;, revision: &apos;e82be7d358&apos;, time: &apos;2018-11-14T08:17:03&apos;
System info: host: &apos;ITL2L0F273&apos;, ip: &apos;192.168.1.55&apos;, os.name: &apos;Windows 10&apos;, os.arch: &apos;amd64&apos;, os.version: &apos;10.0&apos;, java.version: &apos;1.8.0_291&apos;
Driver info: driver.version: AppiumDriver
Build info: version: &apos;3.141.59&apos;, revision: &apos;e82be7d358&apos;, time: &apos;2018-11-14T08:17:03&apos;
System info: host: &apos;ITL2L0F273&apos;, ip: &apos;192.168.1.55&apos;, os.name: &apos;Windows 10&apos;, os.arch: &apos;amd64&apos;, os.version: &apos;10.0&apos;, java.version: &apos;1.8.0_291&apos;
Driver info: driver.version: AppiumDriver" type="org.openqa.selenium.SessionNotCreatedException">org.openqa.selenium.SessionNotCreatedException: Unable to create a new remote session. Please check the server log for more details. Original error: An unknown server-side error occurred while processing the command. Original error: Could not find a driver for automationName &apos;iOS&apos; and platformName &apos;IOS&apos;. Please check your desired capabilities (WARNING: The server did not provide any stacktrace information)
Command duration or timeout: 183 milliseconds
Build info: version: &apos;3.141.59&apos;, revision: &apos;e82be7d358&apos;, time: &apos;2018-11-14T08:17:03&apos;
System info: host: &apos;ITL2L0F273&apos;, ip: &apos;192.168.1.55&apos;, os.name: &apos;Windows 10&apos;, os.arch: &apos;amd64&apos;, os.version: &apos;10.0&apos;, java.version: &apos;1.8.0_291&apos;
Driver info: driver.version: AppiumDriver
Build info: version: &apos;3.141.59&apos;, revision: &apos;e82be7d358&apos;, time: &apos;2018-11-14T08:17:03&apos;
System info: host: &apos;ITL2L0F273&apos;, ip: &apos;192.168.1.55&apos;, os.name: &apos;Windows 10&apos;, os.arch: &apos;amd64&apos;, os.version: &apos;10.0&apos;, java.version: &apos;1.8.0_291&apos;
Driver info: driver.version: AppiumDriver
	at io.appium.java_client.remote.AppiumCommandExecutor$1.createSession(AppiumCommandExecutor.java:216)
	at io.appium.java_client.remote.AppiumCommandExecutor.createSession(AppiumCommandExecutor.java:225)
	at io.appium.java_client.remote.AppiumCommandExecutor.execute(AppiumCommandExecutor.java:247)
	at org.openqa.selenium.remote.RemoteWebDriver.execute(RemoteWebDriver.java:552)
	at io.appium.java_client.DefaultGenericMobileDriver.execute(DefaultGenericMobileDriver.java:41)
	at io.appium.java_client.AppiumDriver.execute(AppiumDriver.java:1)
	at org.openqa.selenium.remote.RemoteWebDriver.startSession(RemoteWebDriver.java:213)
	at io.appium.java_client.AppiumDriver.startSession(AppiumDriver.java:338)
	at org.openqa.selenium.remote.RemoteWebDriver.&lt;init&gt;(RemoteWebDriver.java:131)
	at io.appium.java_client.DefaultGenericMobileDriver.&lt;init&gt;(DefaultGenericMobileDriver.java:37)
	at io.appium.java_client.AppiumDriver.&lt;init&gt;(AppiumDriver.java:89)
	at io.appium.java_client.AppiumDriver.&lt;init&gt;(AppiumDriver.java:99)
	at ios.web_app.Mobile_Web_Test.mobile_web(Mobile_Web_Test.java:33)
Caused by: java.lang.reflect.InvocationTargetException
	at sun.reflect.NativeMethodAccessorImpl.invoke0(Native Method)
	at sun.reflect.NativeMethodAccessorImpl.invoke(NativeMethodAccessorImpl.java:62)
	at sun.reflect.DelegatingMethodAccessorImpl.invoke(DelegatingMethodAccessorImpl.java:43)
	at java.lang.reflect.Method.invoke(Method.java:498)
	at io.appium.java_client.remote.AppiumCommandExecutor$1.createSession(AppiumCommandExecutor.java:193)
	... 50 more
Caused by: org.openqa.selenium.WebDriverException: An unknown server-side error occurred while processing the command. Original error: Could not find a driver for automationName &apos;iOS&apos; and platformName &apos;IOS&apos;. Please check your desired capabilities (WARNING: The server did not provide any stacktrace information)
Command duration or timeout: 183 milliseconds
Build info: version: &apos;3.141.59&apos;, revision: &apos;e82be7d358&apos;, time: &apos;2018-11-14T08:17:03&apos;
System info: host: &apos;ITL2L0F273&apos;, ip: &apos;192.168.1.55&apos;, os.name: &apos;Windows 10&apos;, os.arch: &apos;amd64&apos;, os.version: &apos;10.0&apos;, java.version: &apos;1.8.0_291&apos;
Driver info: driver.version: AppiumDriver
	at sun.reflect.NativeConstructorAccessorImpl.newInstance0(Native Method)
	at sun.reflect.NativeConstructorAccessorImpl.newInstance(NativeConstructorAccessorImpl.java:62)
	at sun.reflect.DelegatingConstructorAccessorImpl.newInstance(DelegatingConstructorAccessorImpl.java:45)
	at java.lang.reflect.Constructor.newInstance(Constructor.java:423)
	at org.openqa.selenium.remote.ErrorHandler.createThrowable(ErrorHandler.java:214)
	at org.openqa.selenium.remote.ErrorHandler.throwIfResponseFailed(ErrorHandler.java:166)
	at org.openqa.selenium.remote.JsonWireProtocolResponse.lambda$errorHandler$0(JsonWireProtocolResponse.java:54)
	at org.openqa.selenium.remote.HandshakeResponse.lambda$getResponseFunction$0(HandshakeResponse.java:30)
	at org.openqa.selenium.remote.ProtocolHandshake.lambda$createSession$0(ProtocolHandshake.java:126)
	at java.util.stream.ReferencePipeline$3$1.accept(ReferencePipeline.java:193)
	at java.util.Spliterators$ArraySpliterator.tryAdvance(Spliterators.java:958)
	at java.util.stream.ReferencePipeline.forEachWithCancel(ReferencePipeline.java:126)
	at java.util.stream.AbstractPipeline.copyIntoWithCancel(AbstractPipeline.java:499)
	at java.util.stream.AbstractPipeline.copyInto(AbstractPipeline.java:486)
	at java.util.stream.AbstractPipeline.wrapAndCopyInto(AbstractPipeline.java:472)
	at java.util.stream.FindOps$FindOp.evaluateSequential(FindOps.java:152)
	at java.util.stream.AbstractPipeline.evaluate(AbstractPipeline.java:234)
	at java.util.stream.ReferencePipeline.findFirst(ReferencePipeline.java:464)
	at org.openqa.selenium.remote.ProtocolHandshake.createSession(ProtocolHandshake.java:128)
	... 55 more
</failure>
  </testcase>
</testsuite>