<?xml version="1.0" encoding="UTF-8"?>
<!-- Generated by org.testng.reporters.JUnitReportReporter -->
<testsuite hostname="ITL2L0F273" failures="0" tests="1" name="ios.hybrid_app.Ios_Safari_Real_Device_Test" time="0.000" errors="0" timestamp="2021-08-25T22:31:27 CAT" skipped="1">
  <testcase classname="ios.hybrid_app.Ios_Safari_Real_Device_Test" name="run_real_device" time="0.000">
    <skipped/>
  </testcase> <!-- run_real_device -->
  <system-out/>
</testsuite> <!-- ios.hybrid_app.Ios_Safari_Real_Device_Test -->
