<?xml version="1.0" encoding="UTF-8"?>
<!-- Generated by org.testng.reporters.JUnitReportReporter -->
<testsuite skipped="0" hostname="ITL2L0F273" name="android.native_app.SMS_Test" tests="1" failures="0" timestamp="2021-08-25T21:00:18 CAT" time="14.492" errors="0">
  <testcase name="sms_" time="14.492" classname="android.native_app.SMS_Test"/>
  <system-out/>
</testsuite> <!-- android.native_app.SMS_Test -->
