<?xml version="1.0" encoding="UTF-8"?>
<!-- Generated by org.testng.reporters.JUnitReportReporter -->
<testsuite skipped="1" hostname="ITL2L0F273" name="android.native_app.SMS_Test" tests="1" failures="0" timestamp="2021-08-25T22:41:53 CAT" time="0.000" errors="0">
  <testcase name="sms_" time="0.000" classname="android.native_app.SMS_Test">
    <skipped/>
  </testcase> <!-- sms_ -->
  <system-out/>
</testsuite> <!-- android.native_app.SMS_Test -->
