<?xml version="1.0" encoding="UTF-8"?>
<!-- Generated by org.testng.reporters.JUnitReportReporter -->
<testsuite skipped="1" hostname="ITL2L0F273" name="ios.web_app.Mobile_Web_Test" tests="1" failures="0" timestamp="2021-08-25T22:41:53 CAT" time="0.000" errors="0">
  <testcase name="mobile_web" time="0.000" classname="ios.web_app.Mobile_Web_Test">
    <skipped/>
  </testcase> <!-- mobile_web -->
  <system-out/>
</testsuite> <!-- ios.web_app.Mobile_Web_Test -->
