<?xml version="1.0" encoding="UTF-8"?>
<!-- Generated by org.testng.reporters.JUnitReportReporter -->
<testsuite hostname="ITL2L0F273" failures="0" tests="1" name="android.native_app.SMS_Test" time="0.000" errors="0" timestamp="2021-08-25T22:31:27 CAT" skipped="1">
  <testcase classname="android.native_app.SMS_Test" name="sms_" time="0.000">
    <skipped/>
  </testcase> <!-- sms_ -->
  <system-out/>
</testsuite> <!-- android.native_app.SMS_Test -->
