<?xml version="1.0" encoding="UTF-8"?>
<!-- Generated by org.testng.reporters.JUnitReportReporter -->
<testsuite skipped="0" hostname="ITL2L0F273" name="android.hybrid_apps.apiDemos.App_Test" tests="1" failures="0" timestamp="2021-08-25T22:18:03 CAT" time="4.759" errors="0">
  <testcase name="appTest" time="4.759" classname="android.hybrid_apps.apiDemos.App_Test"/>
  <system-out/>
</testsuite> <!-- android.hybrid_apps.apiDemos.App_Test -->
