<?xml version="1.0" encoding="UTF-8"?>
<!-- Generated by org.testng.reporters.JUnitReportReporter -->
<testsuite skipped="1" hostname="ITL2L0F273" name="android.hybrid_apps.seredroid.Serendroid_App_Test" tests="1" failures="0" timestamp="2021-08-25T22:41:53 CAT" time="0.000" errors="0">
  <testcase name="run_seredroid" time="0.000" classname="android.hybrid_apps.seredroid.Serendroid_App_Test">
    <skipped/>
  </testcase> <!-- run_seredroid -->
  <system-out/>
</testsuite> <!-- android.hybrid_apps.seredroid.Serendroid_App_Test -->
