<?xml version="1.0" encoding="UTF-8"?>
<!-- Generated by org.testng.reporters.JUnitReportReporter -->
<testsuite skipped="1" hostname="ITL2L0F273" name="ios.hybrid_app.Ios_Safari_Real_Device_Test" tests="1" failures="0" timestamp="2021-08-25T22:41:53 CAT" time="0.000" errors="0">
  <testcase name="run_real_device" time="0.000" classname="ios.hybrid_app.Ios_Safari_Real_Device_Test">
    <skipped/>
  </testcase> <!-- run_real_device -->
  <system-out/>
</testsuite> <!-- ios.hybrid_app.Ios_Safari_Real_Device_Test -->
