<?xml version="1.0" encoding="UTF-8"?>
<!-- Generated by org.testng.reporters.JUnitReportReporter -->
<testsuite skipped="0" hostname="ITL2L0F273" name="android.hybrid_apps.apiDemos.Gallery_Test" tests="1" failures="0" timestamp="2021-08-25T21:00:18 CAT" time="0.002" errors="0">
  <testcase name="drag_DropTest" time="0.002" classname="android.hybrid_apps.apiDemos.Gallery_Test"/>
  <system-out/>
</testsuite> <!-- android.hybrid_apps.apiDemos.Gallery_Test -->
