<?xml version="1.0" encoding="UTF-8"?>
<!-- Generated by org.testng.reporters.JUnitReportReporter -->
<testsuite skipped="0" hostname="ITL2L0F273" name="android.hybrid_apps.apiDemos.Drag_Drop_Test" tests="1" failures="0" timestamp="2021-08-25T23:20:47 CAT" time="0.008" errors="0">
  <testcase name="drag_DropTest" time="0.008" classname="android.hybrid_apps.apiDemos.Drag_Drop_Test"/>
  <system-out/>
</testsuite> <!-- android.hybrid_apps.apiDemos.Drag_Drop_Test -->
