<?xml version="1.0" encoding="UTF-8"?>
<!-- Generated by org.testng.reporters.JUnitReportReporter -->
<testsuite hostname="ITL2L0F273" failures="0" tests="1" name="android.web_app.Mobile_Web_Test" time="0.000" errors="0" timestamp="2021-08-25T22:31:27 CAT" skipped="1">
  <testcase classname="android.web_app.Mobile_Web_Test" name="mobile_web" time="0.000">
    <skipped/>
  </testcase> <!-- mobile_web -->
  <system-out/>
</testsuite> <!-- android.web_app.Mobile_Web_Test -->
